2015-11-19 09:55:40 ERROR  : Error connecting to the server: fe_sendauth: no password supplied

2015-11-26 15:16:29 ERROR  : Error connecting to the server: fe_sendauth: no password supplied

2015-11-26 19:39:39 ERROR  : Error connecting to the server: server closed the connection unexpectedly
	This probably means the server terminated abnormally
	before or while processing the request.

2015-11-26 19:39:43 ERROR  : Error connecting to the server: server closed the connection unexpectedly
	This probably means the server terminated abnormally
	before or while processing the request.

2015-11-26 19:39:48 ERROR  : Error connecting to the server: could not receive data from server: Software caused connection abort (0x00002745/10053)

2015-12-01 11:21:13 ERROR  : server closed the connection unexpectedly
	This probably means the server terminated abnormally
	before or while processing the request.

2015-12-01 16:15:36 ERROR  : Error connecting to the server: fe_sendauth: no password supplied

2015-12-01 16:15:39 ERROR  : Error connecting to the server: FATAL:  password authentication failed for user "guihon"

2015-12-02 17:12:42 ERROR  : Error connecting to the server: fe_sendauth: no password supplied

2015-12-07 12:04:53 ERROR  : Error connecting to the server: fe_sendauth: no password supplied

2015-12-07 16:00:49 ERROR  : Error connecting to the server: fe_sendauth: no password supplied

2015-12-07 16:01:00 ERROR  : Error connecting to the server: fe_sendauth: no password supplied

2015-12-08 11:42:34 ERROR  : server closed the connection unexpectedly
	This probably means the server terminated abnormally
	before or while processing the request.

2015-12-08 16:58:03 ERROR  : Error connecting to the server: fe_sendauth: no password supplied

2015-12-11 16:59:43 ERROR  : Error connecting to the server: fe_sendauth: no password supplied

2016-01-04 14:29:24 ERROR  : Error connecting to the server: fe_sendauth: no password supplied

2016-02-01 17:01:08 ERROR  : Error connecting to the server: fe_sendauth: no password supplied

2016-02-01 17:01:15 ERROR  : Error connecting to the server: fe_sendauth: no password supplied

2016-06-02 14:17:15 ERROR  : Error connecting to the server: fe_sendauth: no password supplied

2016-06-02 14:17:18 ERROR  : Error connecting to the server: FATAL:  password authentication failed for user "guihon"

